<?xml version="1.0" encoding="UTF-8"?>
<!-- Generated by org.testng.reporters.JUnitReportReporter -->
<testsuite hostname="Tigeruuu" failures="0" tests="2" name="LoginValidationTest" time="15.495" errors="0" timestamp="2025-03-21T21:58:43 IST" skipped="0">
  <testcase classname="LoginValidationTest" name="signUpAndValidTest" time="7.291"/>
  <testcase classname="LoginValidationTest" name="signUpAndInValidTest" time="8.204"/>
</testsuite> <!-- LoginValidationTest -->
