<?xml version="1.0" encoding="UTF-8"?>
<!-- Generated by org.testng.reporters.JUnitReportReporter -->
<testsuite hostname="Tigeruuu" failures="0" tests="2" name="LoginValidationTest" time="22.265" errors="0" timestamp="2025-03-22T12:39:11 IST" skipped="0">
  <testcase classname="LoginValidationTest" name="signUpAndInValidTest" time="11.413"/>
  <testcase classname="LoginValidationTest" name="signUpAndValidTest" time="10.852"/>
</testsuite> <!-- LoginValidationTest -->
