<?xml version="1.0" encoding="UTF-8"?>
<!-- Generated by org.testng.reporters.JUnitReportReporter -->
<testsuite hostname="Tigeruuu" failures="0" tests="1" name="com.ui.EmployeeDataTest" time="20.678" errors="0" timestamp="2025-09-29T12:11:35 IST" skipped="0">
  <testcase classname="com.ui.EmployeeDataTest" name="verifyEmployeeDataFromExcelAndDB" time="20.678"/>
</testsuite> <!-- com.ui.EmployeeDataTest -->
