<?xml version="1.0" encoding="UTF-8"?>
<!-- Generated by org.testng.reporters.JUnitReportReporter -->
<testsuite hostname="Tigeruuu" failures="0" tests="1" name="com.ui.EmployeeDataTest" time="19.768" errors="0" timestamp="2025-09-29T11:33:03 IST" skipped="0">
  <testcase classname="com.ui.EmployeeDataTest" name="verifyEmployeeDataFromExcelAndDB" time="19.768"/>
</testsuite> <!-- com.ui.EmployeeDataTest -->
