<?xml version="1.0" encoding="UTF-8"?>
<!-- Generated by org.testng.reporters.JUnitReportReporter -->
<testsuite hostname="Tigeruuu" failures="0" tests="1" name="com.ui.LoginValidationTest" time="42.579" errors="0" timestamp="2025-09-29T12:11:35 IST" skipped="0">
  <testcase classname="com.ui.LoginValidationTest" name="loginFromExcel" time="42.579"/>
</testsuite> <!-- com.ui.LoginValidationTest -->
